+ cat /var/spool/slurmd/job2813557/slurm_script
+ export MASTER_PORT=25678
+ MASTER_PORT=25678
++ hostname
+ export MASTER_ADDR=i08
+ MASTER_ADDR=i08
+ export NCCL_DEBUG=INFO
+ NCCL_DEBUG=INFO
+ srun bash -c '
  TORCHRUN_ARGS="--node-rank=${SLURM_PROCID}      --master-addr=${MASTER_ADDR}      --master-port=${MASTER_PORT}      --nnodes=${SLURM_NNODES}      --nproc-per-node=2"

  echo ${SLURM_PROCID}
  echo ${TORCHRUN_ARGS}
  echo ${SLURMD_NODENAME}

  torchrun ${TORCHRUN_ARGS} run_training.py     --config cfgs/nano4M/multiclevr_d6-6w512.yaml
'
W0322 02:46:41.969000 3170159 site-packages/torch/distributed/run.py:852] 
W0322 02:46:41.969000 3170159 site-packages/torch/distributed/run.py:852] *****************************************
W0322 02:46:41.969000 3170159 site-packages/torch/distributed/run.py:852] Setting OMP_NUM_THREADS environment variable for each process to be 1 in default, to avoid your system being overloaded, please further tune the variable for optimal performance in your application as needed. 
W0322 02:46:41.969000 3170159 site-packages/torch/distributed/run.py:852] *****************************************
W0322 02:46:41.984000 2987800 site-packages/torch/distributed/run.py:852] 
W0322 02:46:41.984000 2987800 site-packages/torch/distributed/run.py:852] *****************************************
W0322 02:46:41.984000 2987800 site-packages/torch/distributed/run.py:852] Setting OMP_NUM_THREADS environment variable for each process to be 1 in default, to avoid your system being overloaded, please further tune the variable for optimal performance in your application as needed. 
W0322 02:46:41.984000 2987800 site-packages/torch/distributed/run.py:852] *****************************************
/home/merville/miniconda3/envs/nanofm/lib/python3.10/site-packages/torch/distributed/c10d_logger.py:83: UserWarning: barrier(): using the device under current context. You can specify `device_id` in `init_process_group` to mute this warning.
  return func(*args, **kwargs)
[rank0]:[W322 02:46:45.421470217 ProcessGroupNCCL.cpp:5138] Guessing device ID based on global rank. This can cause a hang if rank to GPU mapping is heterogeneous. You can specify device_id in init_process_group()
[rank2]:[W322 02:46:45.570445923 ProcessGroupNCCL.cpp:5138] Guessing device ID based on global rank. This can cause a hang if rank to GPU mapping is heterogeneous. You can specify device_id in init_process_group()
wandb: [wandb.login()] Loaded credentials for https://api.wandb.ai from /home/merville/.netrc.
wandb: Currently logged in as: mahlia-merville (mahlia-merville-epfl) to https://api.wandb.ai. Use `wandb login --relogin` to force relogin
wandb: setting up run 8yk8jrfl
wandb: Tracking run with wandb version 0.25.1
wandb: Run data is saved locally in /home/merville/2026-Spring-CS503-Visual-Intelligence-Homework/NanoFM_Homeworks/wandb/run-20260322_024646-8yk8jrfl
wandb: Run `wandb offline` to turn off syncing.
wandb: Syncing run multiclevr_d6-6w512
wandb: ⭐️ View project at https://wandb.ai/mahlia-merville-epfl/CS503_nano4M
wandb: 🚀 View run at https://wandb.ai/mahlia-merville-epfl/CS503_nano4M/runs/8yk8jrfl
/home/merville/miniconda3/envs/nanofm/lib/python3.10/site-packages/timm/models/layers/__init__.py:49: FutureWarning: Importing from timm.models.layers is deprecated, please import via timm.layers
  warnings.warn(f"Importing from {__name__} is deprecated, please import via timm.layers", FutureWarning)
/home/merville/miniconda3/envs/nanofm/lib/python3.10/site-packages/timm/models/layers/__init__.py:49: FutureWarning: Importing from timm.models.layers is deprecated, please import via timm.layers
  warnings.warn(f"Importing from {__name__} is deprecated, please import via timm.layers", FutureWarning)
/home/merville/miniconda3/envs/nanofm/lib/python3.10/site-packages/timm/models/layers/__init__.py:49: FutureWarning: Importing from timm.models.layers is deprecated, please import via timm.layers
  warnings.warn(f"Importing from {__name__} is deprecated, please import via timm.layers", FutureWarning)
/home/merville/miniconda3/envs/nanofm/lib/python3.10/site-packages/torch/utils/data/dataloader.py:424: UserWarning: This DataLoader will create 10 worker processes in total. Our suggested max number of worker in current system is 4, which is smaller than what this DataLoader is going to create. Please be aware that excessive worker creation might get DataLoader running slow or even freeze, lower the worker number to avoid potential slowness/freeze if necessary.
  self.check_worker_number_rationality()
/home/merville/miniconda3/envs/nanofm/lib/python3.10/site-packages/torch/utils/data/dataloader.py:424: UserWarning: This DataLoader will create 10 worker processes in total. Our suggested max number of worker in current system is 4, which is smaller than what this DataLoader is going to create. Please be aware that excessive worker creation might get DataLoader running slow or even freeze, lower the worker number to avoid potential slowness/freeze if necessary.
  self.check_worker_number_rationality()
/home/merville/miniconda3/envs/nanofm/lib/python3.10/site-packages/torch/utils/data/dataloader.py:424: UserWarning: This DataLoader will create 10 worker processes in total. Our suggested max number of worker in current system is 4, which is smaller than what this DataLoader is going to create. Please be aware that excessive worker creation might get DataLoader running slow or even freeze, lower the worker number to avoid potential slowness/freeze if necessary.
  self.check_worker_number_rationality()
/home/merville/miniconda3/envs/nanofm/lib/python3.10/site-packages/timm/models/layers/__init__.py:49: FutureWarning: Importing from timm.models.layers is deprecated, please import via timm.layers
  warnings.warn(f"Importing from {__name__} is deprecated, please import via timm.layers", FutureWarning)
/home/merville/miniconda3/envs/nanofm/lib/python3.10/site-packages/torch/utils/data/dataloader.py:424: UserWarning: This DataLoader will create 10 worker processes in total. Our suggested max number of worker in current system is 4, which is smaller than what this DataLoader is going to create. Please be aware that excessive worker creation might get DataLoader running slow or even freeze, lower the worker number to avoid potential slowness/freeze if necessary.
  self.check_worker_number_rationality()
/home/merville/miniconda3/envs/nanofm/lib/python3.10/site-packages/torch/utils/data/dataloader.py:432: UserWarning: This DataLoader will create 10 worker processes in total. Our suggested max number of worker in current system is 4, which is smaller than what this DataLoader is going to create. Please be aware that excessive worker creation might get DataLoader running slow or even freeze, lower the worker number to avoid potential slowness/freeze if necessary.
  self.check_worker_number_rationality()
/home/merville/miniconda3/envs/nanofm/lib/python3.10/site-packages/torch/utils/data/dataloader.py:432: UserWarning: This DataLoader will create 10 worker processes in total. Our suggested max number of worker in current system is 4, which is smaller than what this DataLoader is going to create. Please be aware that excessive worker creation might get DataLoader running slow or even freeze, lower the worker number to avoid potential slowness/freeze if necessary.
  self.check_worker_number_rationality()
/home/merville/miniconda3/envs/nanofm/lib/python3.10/site-packages/torch/utils/data/dataloader.py:432: UserWarning: This DataLoader will create 10 worker processes in total. Our suggested max number of worker in current system is 4, which is smaller than what this DataLoader is going to create. Please be aware that excessive worker creation might get DataLoader running slow or even freeze, lower the worker number to avoid potential slowness/freeze if necessary.
  self.check_worker_number_rationality()
/home/merville/miniconda3/envs/nanofm/lib/python3.10/site-packages/torch/utils/data/dataloader.py:432: UserWarning: This DataLoader will create 10 worker processes in total. Our suggested max number of worker in current system is 4, which is smaller than what this DataLoader is going to create. Please be aware that excessive worker creation might get DataLoader running slow or even freeze, lower the worker number to avoid potential slowness/freeze if necessary.
  self.check_worker_number_rationality()
/home/merville/miniconda3/envs/nanofm/lib/python3.10/site-packages/torch/distributed/c10d_logger.py:83: UserWarning: barrier(): using the device under current context. You can specify `device_id` in `init_process_group` to mute this warning.
  return func(*args, **kwargs)
[rank2]:[W322 07:26:24.446133776 ProcessGroupNCCL.cpp:1553] Warning: WARNING: destroy_process_group() was not called before program exit, which can leak resources. For more info, please see https://pytorch.org/docs/stable/distributed.html#shutdown (function operator())
[rank0]:[W322 07:26:27.533186771 ProcessGroupNCCL.cpp:1553] Warning: WARNING: destroy_process_group() was not called before program exit, which can leak resources. For more info, please see https://pytorch.org/docs/stable/distributed.html#shutdown (function operator())
